Content-Type: multipart/alternative; boundary="===============2063518948=="
MIME-Version: 1.0
Subject: Profile activation
From: test@example.com
To: mmishra@radiantinfonet.com
Date: Wed, 26 Jun 2019 04:17:57 -0000
Message-ID: <156152267701.13036.3481419908406683476@DESKTOP-I364O87.Dlink>

--===============2063518948==
Content-Type: text/plain; charset="utf-8"
MIME-Version: 1.0
Content-Transfer-Encoding: 7bit



To activate your profile, please follow this link:

http://127.0.0.1:8000/accounts/activate/Bt6AYwqhNcBv7KmFPGpA/

--===============2063518948==
Content-Type: text/html; charset="utf-8"
MIME-Version: 1.0
Content-Transfer-Encoding: 7bit



<!DOCTYPE html PUBLIC "-//W3C//DTD XHTML 1.0 Transitional//EN"
        "http://www.w3.org/TR/xhtml1/DTD/xhtml1-transitional.dtd">
<html xmlns="http://www.w3.org/1999/xhtml">
<head>
    <meta http-equiv="Content-Type" content="text/html; charset=UTF-8"/>
    <title>Profile activation</title>
    <meta name="viewport" content="width=device-width, initial-scale=1.0"/>
</head>

<body>

<p>
    To activate your profile, please follow this link:
</p>

<p>
    <a href="http://127.0.0.1:8000/accounts/activate/Bt6AYwqhNcBv7KmFPGpA/">http://127.0.0.1:8000/accounts/activate/Bt6AYwqhNcBv7KmFPGpA/</a>
</p>

</body>

</html>

--===============2063518948==--

-------------------------------------------------------------------------------
